\BOOKMARK [0][-]{section*.2}{List\040of\040Figures}{}% 1
\BOOKMARK [0][-]{chapter*.3}{List\040of\040Tables}{}% 2
\BOOKMARK [0][-]{chapter.1}{Introduction}{}% 3
\BOOKMARK [1][-]{section.1.1}{Motivation}{chapter.1}% 4
\BOOKMARK [1][-]{section.1.2}{Objective}{chapter.1}% 5
\BOOKMARK [1][-]{section.1.3}{Implementation\040Model}{chapter.1}% 6
\BOOKMARK [1][-]{section.1.4}{Organization\040of\040thesis}{chapter.1}% 7
\BOOKMARK [0][-]{chapter.2}{Related\040Work}{}% 8
\BOOKMARK [1][-]{section.2.1}{Introduction}{chapter.2}% 9
\BOOKMARK [1][-]{section.2.2}{Linguistic Aspects of Aṣṭādhyāyi}{chapter.2}% 10
\BOOKMARK [2][-]{subsection.2.2.1}{Taddhita}{section.2.2}% 11
\BOOKMARK [1][-]{section.2.3}{Automation of Aṣṭādhyāyi}{chapter.2}% 12
\BOOKMARK [1][-]{section.2.4}{Conclusion}{chapter.2}% 13
\BOOKMARK [0][-]{chapter.3}{Linguistic\040and\040Structural\040Aspects\040of\040the\040Taddhita\040Section}{}% 14
\BOOKMARK [1][-]{section.3.1}{Linguistic\040Phenomena\040in\040Derivational\040Morphology}{chapter.3}% 15
\BOOKMARK [1][-]{section.3.2}{Organization\040of\040Taddhita\040Rules}{chapter.3}% 16
\BOOKMARK [1][-]{section.3.3}{Techniques of Rule Arrangement in Taddhita and Aṣṭādhyāyi}{chapter.3}% 17
\BOOKMARK [2][-]{subsection.3.3.1}{anuvṛtti}{section.3.3}% 18
\BOOKMARK [2][-]{subsection.3.3.2}{Adhikāra}{section.3.3}% 19
\BOOKMARK [0][-]{chapter.4}{System\040Implementation\040and\040the\040Derivation\040Process}{}% 20
\BOOKMARK [1][-]{section.4.1}{Overview\040of\040the\040Implementation\040System\040}{chapter.4}% 21
\BOOKMARK [2][-]{subsection.4.1.1}{Tools\040and\040Techniques\040Used}{section.4.1}% 22
\BOOKMARK [2][-]{subsection.4.1.2}{Rule\040Triggering\040and\040Propagation}{section.4.1}% 23
\BOOKMARK [2][-]{subsection.4.1.3}{ śabdarūpa Representation}{section.4.1}% 24
\BOOKMARK [1][-]{section.4.2}{Derivational\040Process\040along\040with\040the\040storage\040and\040propagation\040of\040linguistic\040features.}{chapter.4}% 25
\BOOKMARK [1][-]{section.4.3}{Derivation\040of\040a\040Derivative\040Noun}{chapter.4}% 26
\BOOKMARK [1][-]{section.4.4}{Rule\040Selection\040and\040Conflict\040Resolution}{chapter.4}% 27
\BOOKMARK [0][-]{chapter.5}{Evaluation\040Results}{}% 28
\BOOKMARK [1][-]{section.5.1}{Evaluation\040Framework}{chapter.5}% 29
\BOOKMARK [1][-]{section.5.2}{Analysis\040of\040Wrong\040Cases\040and\040Other\040Special\040Cases.}{chapter.5}% 30
\BOOKMARK [0][-]{chapter.6}{Discussion\040and\040Conclusion}{}% 31
\BOOKMARK [1][-]{section.6.1}{The Schema as a General Schema for Modelling Aṣṭādhyāyī}{chapter.6}% 32
\BOOKMARK [1][-]{section.6.2}{Bottlenecks\040in\040Automating\040the\040Astadhyayai}{chapter.6}% 33
\BOOKMARK [1][-]{section.6.3}{Conclusions\040and\040Future\040directions}{chapter.6}% 34
\BOOKMARK [0][-]{chapter*.23}{Bibliography}{}% 35
\BOOKMARK [0][-]{chapter*.23}{Appendix}{}% 36
\BOOKMARK [0][-]{Appendix.1.A}{Appendix\040Publications\040from\040thesis}{}% 37
