\BOOKMARK [0][-]{chapter.1}{Introduction}{}% 1
\BOOKMARK [1][-]{section.1.1}{Motivation}{chapter.1}% 2
\BOOKMARK [1][-]{section.1.2}{Objective}{chapter.1}% 3
\BOOKMARK [1][-]{section.1.3}{DTMC Representation Of System Specification}{chapter.1}% 4
\BOOKMARK [1][-]{section.1.4}{Organization of the thesis}{chapter.1}% 5
\BOOKMARK [1][-]{section.1.5}{Software and Hardware Platform}{chapter.1}% 6
\BOOKMARK [0][-]{chapter.2}{Literature Survey}{}% 7
\BOOKMARK [1][-]{section.2.1}{Introduction}{chapter.2}% 8
\BOOKMARK [1][-]{section.2.2}{MINLP Problem}{chapter.2}% 9
\BOOKMARK [1][-]{section.2.3}{Reliability Allocation Techniques}{chapter.2}% 10
\BOOKMARK [2][-]{subsection.2.3.1}{Quantifying The Cost Function}{section.2.3}% 11
\BOOKMARK [1][-]{section.2.4}{Summary}{chapter.2}% 12
\BOOKMARK [0][-]{chapter.3}{Optimization of Software Reliability Using ILP Solvers}{}% 13
\BOOKMARK [1][-]{section.3.1}{MINLP Problem}{chapter.3}% 14
\BOOKMARK [1][-]{section.3.2}{System Specification to DTMC Representation}{chapter.3}% 15
\BOOKMARK [2][-]{subsection.3.2.1}{Modelling statements to DTMC}{section.3.2}% 16
\BOOKMARK [2][-]{subsection.3.2.2}{Modelling System Specification to DTMC}{section.3.2}% 17
\BOOKMARK [1][-]{section.3.3}{System Reliability Calculation Using DTMC Representation}{chapter.3}% 18
\BOOKMARK [1][-]{section.3.4}{Optimization Of System Reliability As MINLP}{chapter.3}% 19
\BOOKMARK [1][-]{section.3.5}{Problem Formulation}{chapter.3}% 20
\BOOKMARK [1][-]{section.3.6}{Optimization Sequence}{chapter.3}% 21
\BOOKMARK [1][-]{section.3.7}{Various Approaches}{chapter.3}% 22
\BOOKMARK [2][-]{subsection.3.7.1}{BONMIN \(Basic Open-source Nonlinear Mixed INteger programming\)}{section.3.7}% 23
\BOOKMARK [2][-]{subsection.3.7.2}{SCIP \(Solving Constraint Integer Programs\)}{section.3.7}% 24
\BOOKMARK [1][-]{section.3.8}{Implementation}{chapter.3}% 25
\BOOKMARK [2][-]{subsection.3.8.1}{Example Problem}{section.3.8}% 26
\BOOKMARK [1][-]{section.3.9}{Optimization Using BONMIN Algorithm}{chapter.3}% 27
\BOOKMARK [1][-]{section.3.10}{Optimization Using SCIP Algorithm}{chapter.3}% 28
\BOOKMARK [1][-]{section.3.11}{Optimization Using GA Algorithm}{chapter.3}% 29
\BOOKMARK [1][-]{section.3.12}{Comparison Of Results}{chapter.3}% 30
\BOOKMARK [1][-]{section.3.13}{Conclusion}{chapter.3}% 31
\BOOKMARK [0][-]{chapter.4}{Optimization of Software Reliability Using Component Ranking \046 Cost Rate Function Approach}{}% 32
\BOOKMARK [1][-]{section.4.1}{Component Ranking Approach}{chapter.4}% 33
\BOOKMARK [2][-]{subsection.4.1.1}{Example Problem}{section.4.1}% 34
\BOOKMARK [2][-]{subsection.4.1.2}{Ranking of Components}{section.4.1}% 35
\BOOKMARK [2][-]{subsection.4.1.3}{Optimization Algorithm Using Component Ranking}{section.4.1}% 36
\BOOKMARK [1][-]{section.4.2}{Cost Rate Function Approach}{chapter.4}% 37
\BOOKMARK [2][-]{subsection.4.2.1}{Quantifying the Cost Rate Function}{section.4.2}% 38
\BOOKMARK [2][-]{subsection.4.2.2}{The Feasibility Value, f}{section.4.2}% 39
\BOOKMARK [2][-]{subsection.4.2.3}{Relaxation of the Feasibility}{section.4.2}% 40
\BOOKMARK [2][-]{subsection.4.2.4}{Optimization Algorithm Using Cost Function Approach}{section.4.2}% 41
\BOOKMARK [1][-]{section.4.3}{Results \046 Discussion}{chapter.4}% 42
\BOOKMARK [1][-]{section.4.4}{Conclusion}{chapter.4}% 43
\BOOKMARK [0][-]{chapter.5}{Optimization Based On Reliability Degradation Over Time}{}% 44
\BOOKMARK [1][-]{section.5.1}{Weibull Distribution}{chapter.5}% 45
\BOOKMARK [2][-]{subsection.5.1.1}{Weibull Reliability}{section.5.1}% 46
\BOOKMARK [2][-]{subsection.5.1.2}{Characteristics of the Weibull Distribution}{section.5.1}% 47
\BOOKMARK [2][-]{subsection.5.1.3}{Problem Definition and Formulation using Weibull Distribution}{section.5.1}% 48
\BOOKMARK [2][-]{subsection.5.1.4}{Random Allocation of Weibull Parameters}{section.5.1}% 49
\BOOKMARK [2][-]{subsection.5.1.5}{Optimization Procedure}{section.5.1}% 50
\BOOKMARK [2][-]{subsection.5.1.6}{Results}{section.5.1}% 51
\BOOKMARK [2][-]{subsection.5.1.7}{Reliability Optimization for Set Of Target Reliabilities}{section.5.1}% 52
\BOOKMARK [1][-]{section.5.2}{Reliability Optimization With Replenishment Of Components}{chapter.5}% 53
\BOOKMARK [2][-]{subsection.5.2.1}{Problem Description}{section.5.2}% 54
\BOOKMARK [2][-]{subsection.5.2.2}{Solution Methodology}{section.5.2}% 55
\BOOKMARK [2][-]{subsection.5.2.3}{Replenishment Algorithm}{section.5.2}% 56
\BOOKMARK [2][-]{subsection.5.2.4}{Results and Conclusion}{section.5.2}% 57
